2023-12-20 13:45:18,603:WARNING:
'cuml' is a soft dependency and not included in the pycaret installation. Please run: `pip install cuml` to install.
2023-12-20 13:45:18,603:WARNING:
'cuml' is a soft dependency and not included in the pycaret installation. Please run: `pip install cuml` to install.
2023-12-20 13:45:18,603:WARNING:
'cuml' is a soft dependency and not included in the pycaret installation. Please run: `pip install cuml` to install.
2023-12-20 13:45:18,603:WARNING:
'cuml' is a soft dependency and not included in the pycaret installation. Please run: `pip install cuml` to install.
2023-12-20 13:45:49,309:INFO:PyCaret ClassificationExperiment
2023-12-20 13:45:49,309:INFO:Logging name: clf-default-name
2023-12-20 13:45:49,315:INFO:ML Usecase: MLUsecase.CLASSIFICATION
2023-12-20 13:45:49,315:INFO:version 3.2.0
2023-12-20 13:45:49,315:INFO:Initializing setup()
2023-12-20 13:45:49,315:INFO:self.USI: 1fad
2023-12-20 13:45:49,315:INFO:self._variable_keys: {'target_param', 'fix_imbalance', 'idx', 'html_param', 'seed', '_ml_usecase', 'memory', 'exp_id', 'pipeline', 'n_jobs_param', 'y_test', 'log_plots_param', 'X_test', 'USI', 'X', 'fold_generator', '_available_plots', 'y_train', 'fold_shuffle_param', 'is_multiclass', 'y', 'X_train', 'gpu_n_jobs_param', 'logging_param', 'fold_groups_param', 'data', 'gpu_param', 'exp_name_log'}
2023-12-20 13:45:49,315:INFO:Checking environment
2023-12-20 13:45:49,315:INFO:python_version: 3.11.5
2023-12-20 13:45:49,315:INFO:python_build: ('tags/v3.11.5:cce6ba9', 'Aug 24 2023 14:38:34')
2023-12-20 13:45:49,315:INFO:machine: AMD64
2023-12-20 13:45:49,315:INFO:platform: Windows-10-10.0.22621-SP0
2023-12-20 13:45:49,330:INFO:Memory: svmem(total=16890978304, available=1188061184, percent=93.0, used=15702917120, free=1188061184)
2023-12-20 13:45:49,330:INFO:Physical Core: 14
2023-12-20 13:45:49,330:INFO:Logical Core: 20
2023-12-20 13:45:49,330:INFO:Checking libraries
2023-12-20 13:45:49,330:INFO:System:
2023-12-20 13:45:49,330:INFO:    python: 3.11.5 (tags/v3.11.5:cce6ba9, Aug 24 2023, 14:38:34) [MSC v.1936 64 bit (AMD64)]
2023-12-20 13:45:49,330:INFO:executable: C:\Users\Akylbek\AppData\Local\Programs\Python\Python311\python.exe
2023-12-20 13:45:49,330:INFO:   machine: Windows-10-10.0.22621-SP0
2023-12-20 13:45:49,330:INFO:PyCaret required dependencies:
2023-12-20 13:45:49,365:INFO:                 pip: 23.2.1
2023-12-20 13:45:49,365:INFO:          setuptools: 65.5.0
2023-12-20 13:45:49,365:INFO:             pycaret: 3.2.0
2023-12-20 13:45:49,365:INFO:             IPython: 8.16.1
2023-12-20 13:45:49,365:INFO:          ipywidgets: 8.1.1
2023-12-20 13:45:49,365:INFO:                tqdm: 4.66.1
2023-12-20 13:45:49,365:INFO:               numpy: 1.25.2
2023-12-20 13:45:49,365:INFO:              pandas: 1.5.3
2023-12-20 13:45:49,365:INFO:              jinja2: 3.1.2
2023-12-20 13:45:49,365:INFO:               scipy: 1.10.1
2023-12-20 13:45:49,365:INFO:              joblib: 1.3.2
2023-12-20 13:45:49,365:INFO:             sklearn: 1.2.2
2023-12-20 13:45:49,365:INFO:                pyod: 1.1.2
2023-12-20 13:45:49,365:INFO:            imblearn: 0.11.0
2023-12-20 13:45:49,365:INFO:   category_encoders: 2.6.3
2023-12-20 13:45:49,365:INFO:            lightgbm: 4.1.0
2023-12-20 13:45:49,365:INFO:               numba: 0.58.1
2023-12-20 13:45:49,365:INFO:            requests: 2.31.0
2023-12-20 13:45:49,365:INFO:          matplotlib: 3.6.0
2023-12-20 13:45:49,365:INFO:          scikitplot: 0.3.7
2023-12-20 13:45:49,365:INFO:         yellowbrick: 1.5
2023-12-20 13:45:49,365:INFO:              plotly: 5.18.0
2023-12-20 13:45:49,365:INFO:    plotly-resampler: Not installed
2023-12-20 13:45:49,366:INFO:             kaleido: 0.2.1
2023-12-20 13:45:49,366:INFO:           schemdraw: 0.15
2023-12-20 13:45:49,366:INFO:         statsmodels: 0.14.1
2023-12-20 13:45:49,366:INFO:              sktime: 0.21.1
2023-12-20 13:45:49,366:INFO:               tbats: 1.1.3
2023-12-20 13:45:49,366:INFO:            pmdarima: 2.0.4
2023-12-20 13:45:49,366:INFO:              psutil: 5.9.5
2023-12-20 13:45:49,366:INFO:          markupsafe: 2.1.3
2023-12-20 13:45:49,366:INFO:             pickle5: Not installed
2023-12-20 13:45:49,366:INFO:         cloudpickle: 3.0.0
2023-12-20 13:45:49,366:INFO:         deprecation: 2.1.0
2023-12-20 13:45:49,366:INFO:              xxhash: 3.4.1
2023-12-20 13:45:49,366:INFO:           wurlitzer: Not installed
2023-12-20 13:45:49,366:INFO:PyCaret optional dependencies:
2023-12-20 13:45:49,444:INFO:                shap: Not installed
2023-12-20 13:45:49,444:INFO:           interpret: Not installed
2023-12-20 13:45:49,444:INFO:                umap: Not installed
2023-12-20 13:45:49,444:INFO:     ydata_profiling: Not installed
2023-12-20 13:45:49,444:INFO:  explainerdashboard: Not installed
2023-12-20 13:45:49,444:INFO:             autoviz: Not installed
2023-12-20 13:45:49,444:INFO:           fairlearn: Not installed
2023-12-20 13:45:49,444:INFO:          deepchecks: Not installed
2023-12-20 13:45:49,444:INFO:             xgboost: Not installed
2023-12-20 13:45:49,444:INFO:            catboost: Not installed
2023-12-20 13:45:49,444:INFO:              kmodes: Not installed
2023-12-20 13:45:49,444:INFO:             mlxtend: Not installed
2023-12-20 13:45:49,444:INFO:       statsforecast: Not installed
2023-12-20 13:45:49,444:INFO:        tune_sklearn: Not installed
2023-12-20 13:45:49,444:INFO:                 ray: Not installed
2023-12-20 13:45:49,444:INFO:            hyperopt: Not installed
2023-12-20 13:45:49,444:INFO:              optuna: Not installed
2023-12-20 13:45:49,444:INFO:               skopt: Not installed
2023-12-20 13:45:49,444:INFO:              mlflow: Not installed
2023-12-20 13:45:49,444:INFO:              gradio: Not installed
2023-12-20 13:45:49,444:INFO:             fastapi: Not installed
2023-12-20 13:45:49,444:INFO:             uvicorn: Not installed
2023-12-20 13:45:49,444:INFO:              m2cgen: Not installed
2023-12-20 13:45:49,444:INFO:           evidently: Not installed
2023-12-20 13:45:49,444:INFO:               fugue: Not installed
2023-12-20 13:45:49,444:INFO:           streamlit: Not installed
2023-12-20 13:45:49,444:INFO:             prophet: Not installed
2023-12-20 13:45:49,444:INFO:None
2023-12-20 13:45:49,444:INFO:Set up data.
2023-12-20 13:46:35,638:INFO:PyCaret ClassificationExperiment
2023-12-20 13:46:35,638:INFO:Logging name: clf-default-name
2023-12-20 13:46:35,638:INFO:ML Usecase: MLUsecase.CLASSIFICATION
2023-12-20 13:46:35,638:INFO:version 3.2.0
2023-12-20 13:46:35,638:INFO:Initializing setup()
2023-12-20 13:46:35,638:INFO:self.USI: 8485
2023-12-20 13:46:35,638:INFO:self._variable_keys: {'target_param', 'fix_imbalance', 'idx', 'html_param', 'seed', '_ml_usecase', 'memory', 'exp_id', 'pipeline', 'n_jobs_param', 'y_test', 'log_plots_param', 'X_test', 'USI', 'X', 'fold_generator', '_available_plots', 'y_train', 'fold_shuffle_param', 'is_multiclass', 'y', 'X_train', 'gpu_n_jobs_param', 'logging_param', 'fold_groups_param', 'data', 'gpu_param', 'exp_name_log'}
2023-12-20 13:46:35,638:INFO:Checking environment
2023-12-20 13:46:35,638:INFO:python_version: 3.11.5
2023-12-20 13:46:35,638:INFO:python_build: ('tags/v3.11.5:cce6ba9', 'Aug 24 2023 14:38:34')
2023-12-20 13:46:35,638:INFO:machine: AMD64
2023-12-20 13:46:35,638:INFO:platform: Windows-10-10.0.22621-SP0
2023-12-20 13:46:35,642:INFO:Memory: svmem(total=16890978304, available=1179197440, percent=93.0, used=15711780864, free=1179197440)
2023-12-20 13:46:35,642:INFO:Physical Core: 14
2023-12-20 13:46:35,642:INFO:Logical Core: 20
2023-12-20 13:46:35,642:INFO:Checking libraries
2023-12-20 13:46:35,642:INFO:System:
2023-12-20 13:46:35,642:INFO:    python: 3.11.5 (tags/v3.11.5:cce6ba9, Aug 24 2023, 14:38:34) [MSC v.1936 64 bit (AMD64)]
2023-12-20 13:46:35,642:INFO:executable: C:\Users\Akylbek\AppData\Local\Programs\Python\Python311\python.exe
2023-12-20 13:46:35,642:INFO:   machine: Windows-10-10.0.22621-SP0
2023-12-20 13:46:35,642:INFO:PyCaret required dependencies:
2023-12-20 13:46:35,642:INFO:                 pip: 23.2.1
2023-12-20 13:46:35,644:INFO:          setuptools: 65.5.0
2023-12-20 13:46:35,644:INFO:             pycaret: 3.2.0
2023-12-20 13:46:35,644:INFO:             IPython: 8.16.1
2023-12-20 13:46:35,644:INFO:          ipywidgets: 8.1.1
2023-12-20 13:46:35,644:INFO:                tqdm: 4.66.1
2023-12-20 13:46:35,644:INFO:               numpy: 1.25.2
2023-12-20 13:46:35,644:INFO:              pandas: 1.5.3
2023-12-20 13:46:35,644:INFO:              jinja2: 3.1.2
2023-12-20 13:46:35,644:INFO:               scipy: 1.10.1
2023-12-20 13:46:35,644:INFO:              joblib: 1.3.2
2023-12-20 13:46:35,644:INFO:             sklearn: 1.2.2
2023-12-20 13:46:35,644:INFO:                pyod: 1.1.2
2023-12-20 13:46:35,644:INFO:            imblearn: 0.11.0
2023-12-20 13:46:35,644:INFO:   category_encoders: 2.6.3
2023-12-20 13:46:35,644:INFO:            lightgbm: 4.1.0
2023-12-20 13:46:35,644:INFO:               numba: 0.58.1
2023-12-20 13:46:35,644:INFO:            requests: 2.31.0
2023-12-20 13:46:35,644:INFO:          matplotlib: 3.6.0
2023-12-20 13:46:35,644:INFO:          scikitplot: 0.3.7
2023-12-20 13:46:35,644:INFO:         yellowbrick: 1.5
2023-12-20 13:46:35,644:INFO:              plotly: 5.18.0
2023-12-20 13:46:35,644:INFO:    plotly-resampler: Not installed
2023-12-20 13:46:35,644:INFO:             kaleido: 0.2.1
2023-12-20 13:46:35,644:INFO:           schemdraw: 0.15
2023-12-20 13:46:35,644:INFO:         statsmodels: 0.14.1
2023-12-20 13:46:35,644:INFO:              sktime: 0.21.1
2023-12-20 13:46:35,644:INFO:               tbats: 1.1.3
2023-12-20 13:46:35,644:INFO:            pmdarima: 2.0.4
2023-12-20 13:46:35,644:INFO:              psutil: 5.9.5
2023-12-20 13:46:35,644:INFO:          markupsafe: 2.1.3
2023-12-20 13:46:35,644:INFO:             pickle5: Not installed
2023-12-20 13:46:35,644:INFO:         cloudpickle: 3.0.0
2023-12-20 13:46:35,644:INFO:         deprecation: 2.1.0
2023-12-20 13:46:35,644:INFO:              xxhash: 3.4.1
2023-12-20 13:46:35,644:INFO:           wurlitzer: Not installed
2023-12-20 13:46:35,644:INFO:PyCaret optional dependencies:
2023-12-20 13:46:35,644:INFO:                shap: Not installed
2023-12-20 13:46:35,644:INFO:           interpret: Not installed
2023-12-20 13:46:35,644:INFO:                umap: Not installed
2023-12-20 13:46:35,644:INFO:     ydata_profiling: Not installed
2023-12-20 13:46:35,644:INFO:  explainerdashboard: Not installed
2023-12-20 13:46:35,644:INFO:             autoviz: Not installed
2023-12-20 13:46:35,644:INFO:           fairlearn: Not installed
2023-12-20 13:46:35,644:INFO:          deepchecks: Not installed
2023-12-20 13:46:35,644:INFO:             xgboost: Not installed
2023-12-20 13:46:35,644:INFO:            catboost: Not installed
2023-12-20 13:46:35,645:INFO:              kmodes: Not installed
2023-12-20 13:46:35,645:INFO:             mlxtend: Not installed
2023-12-20 13:46:35,645:INFO:       statsforecast: Not installed
2023-12-20 13:46:35,645:INFO:        tune_sklearn: Not installed
2023-12-20 13:46:35,645:INFO:                 ray: Not installed
2023-12-20 13:46:35,645:INFO:            hyperopt: Not installed
2023-12-20 13:46:35,645:INFO:              optuna: Not installed
2023-12-20 13:46:35,645:INFO:               skopt: Not installed
2023-12-20 13:46:35,645:INFO:              mlflow: Not installed
2023-12-20 13:46:35,645:INFO:              gradio: Not installed
2023-12-20 13:46:35,645:INFO:             fastapi: Not installed
2023-12-20 13:46:35,645:INFO:             uvicorn: Not installed
2023-12-20 13:46:35,645:INFO:              m2cgen: Not installed
2023-12-20 13:46:35,645:INFO:           evidently: Not installed
2023-12-20 13:46:35,645:INFO:               fugue: Not installed
2023-12-20 13:46:35,645:INFO:           streamlit: Not installed
2023-12-20 13:46:35,645:INFO:             prophet: Not installed
2023-12-20 13:46:35,645:INFO:None
2023-12-20 13:46:35,645:INFO:Set up data.
2023-12-20 13:46:42,101:INFO:PyCaret ClassificationExperiment
2023-12-20 13:46:42,101:INFO:Logging name: clf-default-name
2023-12-20 13:46:42,101:INFO:ML Usecase: MLUsecase.CLASSIFICATION
2023-12-20 13:46:42,102:INFO:version 3.2.0
2023-12-20 13:46:42,102:INFO:Initializing setup()
2023-12-20 13:46:42,102:INFO:self.USI: 583a
2023-12-20 13:46:42,102:INFO:self._variable_keys: {'target_param', 'fix_imbalance', 'idx', 'html_param', 'seed', '_ml_usecase', 'memory', 'exp_id', 'pipeline', 'n_jobs_param', 'y_test', 'log_plots_param', 'X_test', 'USI', 'X', 'fold_generator', '_available_plots', 'y_train', 'fold_shuffle_param', 'is_multiclass', 'y', 'X_train', 'gpu_n_jobs_param', 'logging_param', 'fold_groups_param', 'data', 'gpu_param', 'exp_name_log'}
2023-12-20 13:46:42,102:INFO:Checking environment
2023-12-20 13:46:42,102:INFO:python_version: 3.11.5
2023-12-20 13:46:42,102:INFO:python_build: ('tags/v3.11.5:cce6ba9', 'Aug 24 2023 14:38:34')
2023-12-20 13:46:42,102:INFO:machine: AMD64
2023-12-20 13:46:42,102:INFO:platform: Windows-10-10.0.22621-SP0
2023-12-20 13:46:42,106:INFO:Memory: svmem(total=16890978304, available=1187696640, percent=93.0, used=15703281664, free=1187696640)
2023-12-20 13:46:42,106:INFO:Physical Core: 14
2023-12-20 13:46:42,106:INFO:Logical Core: 20
2023-12-20 13:46:42,106:INFO:Checking libraries
2023-12-20 13:46:42,106:INFO:System:
2023-12-20 13:46:42,106:INFO:    python: 3.11.5 (tags/v3.11.5:cce6ba9, Aug 24 2023, 14:38:34) [MSC v.1936 64 bit (AMD64)]
2023-12-20 13:46:42,106:INFO:executable: C:\Users\Akylbek\AppData\Local\Programs\Python\Python311\python.exe
2023-12-20 13:46:42,106:INFO:   machine: Windows-10-10.0.22621-SP0
2023-12-20 13:46:42,107:INFO:PyCaret required dependencies:
2023-12-20 13:46:42,107:INFO:                 pip: 23.2.1
2023-12-20 13:46:42,107:INFO:          setuptools: 65.5.0
2023-12-20 13:46:42,107:INFO:             pycaret: 3.2.0
2023-12-20 13:46:42,107:INFO:             IPython: 8.16.1
2023-12-20 13:46:42,107:INFO:          ipywidgets: 8.1.1
2023-12-20 13:46:42,107:INFO:                tqdm: 4.66.1
2023-12-20 13:46:42,107:INFO:               numpy: 1.25.2
2023-12-20 13:46:42,108:INFO:              pandas: 1.5.3
2023-12-20 13:46:42,108:INFO:              jinja2: 3.1.2
2023-12-20 13:46:42,108:INFO:               scipy: 1.10.1
2023-12-20 13:46:42,108:INFO:              joblib: 1.3.2
2023-12-20 13:46:42,108:INFO:             sklearn: 1.2.2
2023-12-20 13:46:42,108:INFO:                pyod: 1.1.2
2023-12-20 13:46:42,108:INFO:            imblearn: 0.11.0
2023-12-20 13:46:42,108:INFO:   category_encoders: 2.6.3
2023-12-20 13:46:42,108:INFO:            lightgbm: 4.1.0
2023-12-20 13:46:42,108:INFO:               numba: 0.58.1
2023-12-20 13:46:42,108:INFO:            requests: 2.31.0
2023-12-20 13:46:42,108:INFO:          matplotlib: 3.6.0
2023-12-20 13:46:42,108:INFO:          scikitplot: 0.3.7
2023-12-20 13:46:42,108:INFO:         yellowbrick: 1.5
2023-12-20 13:46:42,108:INFO:              plotly: 5.18.0
2023-12-20 13:46:42,108:INFO:    plotly-resampler: Not installed
2023-12-20 13:46:42,108:INFO:             kaleido: 0.2.1
2023-12-20 13:46:42,108:INFO:           schemdraw: 0.15
2023-12-20 13:46:42,108:INFO:         statsmodels: 0.14.1
2023-12-20 13:46:42,108:INFO:              sktime: 0.21.1
2023-12-20 13:46:42,108:INFO:               tbats: 1.1.3
2023-12-20 13:46:42,108:INFO:            pmdarima: 2.0.4
2023-12-20 13:46:42,108:INFO:              psutil: 5.9.5
2023-12-20 13:46:42,108:INFO:          markupsafe: 2.1.3
2023-12-20 13:46:42,108:INFO:             pickle5: Not installed
2023-12-20 13:46:42,108:INFO:         cloudpickle: 3.0.0
2023-12-20 13:46:42,108:INFO:         deprecation: 2.1.0
2023-12-20 13:46:42,108:INFO:              xxhash: 3.4.1
2023-12-20 13:46:42,109:INFO:           wurlitzer: Not installed
2023-12-20 13:46:42,109:INFO:PyCaret optional dependencies:
2023-12-20 13:46:42,109:INFO:                shap: Not installed
2023-12-20 13:46:42,109:INFO:           interpret: Not installed
2023-12-20 13:46:42,109:INFO:                umap: Not installed
2023-12-20 13:46:42,109:INFO:     ydata_profiling: Not installed
2023-12-20 13:46:42,109:INFO:  explainerdashboard: Not installed
2023-12-20 13:46:42,109:INFO:             autoviz: Not installed
2023-12-20 13:46:42,109:INFO:           fairlearn: Not installed
2023-12-20 13:46:42,109:INFO:          deepchecks: Not installed
2023-12-20 13:46:42,109:INFO:             xgboost: Not installed
2023-12-20 13:46:42,109:INFO:            catboost: Not installed
2023-12-20 13:46:42,109:INFO:              kmodes: Not installed
2023-12-20 13:46:42,109:INFO:             mlxtend: Not installed
2023-12-20 13:46:42,109:INFO:       statsforecast: Not installed
2023-12-20 13:46:42,109:INFO:        tune_sklearn: Not installed
2023-12-20 13:46:42,109:INFO:                 ray: Not installed
2023-12-20 13:46:42,109:INFO:            hyperopt: Not installed
2023-12-20 13:46:42,109:INFO:              optuna: Not installed
2023-12-20 13:46:42,109:INFO:               skopt: Not installed
2023-12-20 13:46:42,109:INFO:              mlflow: Not installed
2023-12-20 13:46:42,109:INFO:              gradio: Not installed
2023-12-20 13:46:42,109:INFO:             fastapi: Not installed
2023-12-20 13:46:42,109:INFO:             uvicorn: Not installed
2023-12-20 13:46:42,109:INFO:              m2cgen: Not installed
2023-12-20 13:46:42,109:INFO:           evidently: Not installed
2023-12-20 13:46:42,109:INFO:               fugue: Not installed
2023-12-20 13:46:42,109:INFO:           streamlit: Not installed
2023-12-20 13:46:42,109:INFO:             prophet: Not installed
2023-12-20 13:46:42,110:INFO:None
2023-12-20 13:46:42,110:INFO:Set up data.
2023-12-20 13:46:42,118:INFO:Set up folding strategy.
2023-12-20 13:46:42,118:INFO:Set up train/test split.
2023-12-20 13:46:42,129:INFO:Set up index.
2023-12-20 13:46:42,129:INFO:Assigning column types.
2023-12-20 13:46:42,133:INFO:Engine successfully changes for model 'lr' to 'sklearn'.
2023-12-20 13:46:42,177:INFO:Engine for model 'knn' has not been set explicitly, hence returning None.
2023-12-20 13:46:42,181:INFO:Engine for model 'rbfsvm' has not been set explicitly, hence returning None.
2023-12-20 13:46:42,213:WARNING:
'xgboost' is a soft dependency and not included in the pycaret installation. Please run: `pip install xgboost` to install.
Alternately, you can install this by running `pip install pycaret[models]`
2023-12-20 13:46:42,213:WARNING:
'catboost' is a soft dependency and not included in the pycaret installation. Please run: `pip install catboost` to install.
Alternately, you can install this by running `pip install pycaret[models]`
2023-12-20 13:46:42,248:INFO:Engine for model 'knn' has not been set explicitly, hence returning None.
2023-12-20 13:46:42,249:INFO:Engine for model 'rbfsvm' has not been set explicitly, hence returning None.
2023-12-20 13:46:42,272:WARNING:
'xgboost' is a soft dependency and not included in the pycaret installation. Please run: `pip install xgboost` to install.
Alternately, you can install this by running `pip install pycaret[models]`
2023-12-20 13:46:42,272:WARNING:
'catboost' is a soft dependency and not included in the pycaret installation. Please run: `pip install catboost` to install.
Alternately, you can install this by running `pip install pycaret[models]`
2023-12-20 13:46:42,273:INFO:Engine successfully changes for model 'knn' to 'sklearn'.
2023-12-20 13:46:42,311:INFO:Engine for model 'rbfsvm' has not been set explicitly, hence returning None.
2023-12-20 13:46:42,337:WARNING:
'xgboost' is a soft dependency and not included in the pycaret installation. Please run: `pip install xgboost` to install.
Alternately, you can install this by running `pip install pycaret[models]`
2023-12-20 13:46:42,337:WARNING:
'catboost' is a soft dependency and not included in the pycaret installation. Please run: `pip install catboost` to install.
Alternately, you can install this by running `pip install pycaret[models]`
2023-12-20 13:46:42,376:INFO:Engine for model 'rbfsvm' has not been set explicitly, hence returning None.
2023-12-20 13:46:42,400:WARNING:
'xgboost' is a soft dependency and not included in the pycaret installation. Please run: `pip install xgboost` to install.
Alternately, you can install this by running `pip install pycaret[models]`
2023-12-20 13:46:42,401:WARNING:
'catboost' is a soft dependency and not included in the pycaret installation. Please run: `pip install catboost` to install.
Alternately, you can install this by running `pip install pycaret[models]`
2023-12-20 13:46:42,401:INFO:Engine successfully changes for model 'rbfsvm' to 'sklearn'.
2023-12-20 13:46:42,512:WARNING:
'xgboost' is a soft dependency and not included in the pycaret installation. Please run: `pip install xgboost` to install.
Alternately, you can install this by running `pip install pycaret[models]`
2023-12-20 13:46:42,512:WARNING:
'catboost' is a soft dependency and not included in the pycaret installation. Please run: `pip install catboost` to install.
Alternately, you can install this by running `pip install pycaret[models]`
2023-12-20 13:46:42,584:WARNING:
'xgboost' is a soft dependency and not included in the pycaret installation. Please run: `pip install xgboost` to install.
Alternately, you can install this by running `pip install pycaret[models]`
2023-12-20 13:46:42,585:WARNING:
'catboost' is a soft dependency and not included in the pycaret installation. Please run: `pip install catboost` to install.
Alternately, you can install this by running `pip install pycaret[models]`
2023-12-20 13:46:42,589:INFO:Preparing preprocessing pipeline...
2023-12-20 13:46:42,590:INFO:Set up simple imputation.
2023-12-20 13:46:42,593:INFO:Set up encoding of ordinal features.
2023-12-20 13:46:42,595:INFO:Set up encoding of categorical features.
2023-12-20 13:46:42,595:INFO:Set up feature normalization.
2023-12-20 13:46:42,710:INFO:Finished creating preprocessing pipeline.
2023-12-20 13:46:42,732:INFO:Pipeline: Pipeline(memory=FastMemory(location=C:\Users\Akylbek\AppData\Local\Temp\joblib),
         steps=[('numerical_imputer',
                 TransformerWrapper(exclude=None,
                                    include=['Age', 'RestingBP', 'Cholesterol',
                                             'FastingBS', 'MaxHR', 'Oldpeak'],
                                    transformer=SimpleImputer(add_indicator=False,
                                                              copy=True,
                                                              fill_value=None,
                                                              keep_empty_features=False,
                                                              missing_values=nan,
                                                              strategy='mean',
                                                              verbo...
                                    include=['ChestPainType', 'RestingECG',
                                             'ST_Slope'],
                                    transformer=OneHotEncoder(cols=['ChestPainType',
                                                                    'RestingECG',
                                                                    'ST_Slope'],
                                                              drop_invariant=False,
                                                              handle_missing='return_nan',
                                                              handle_unknown='value',
                                                              return_df=True,
                                                              use_cat_names=True,
                                                              verbose=0))),
                ('normalize',
                 TransformerWrapper(exclude=None, include=None,
                                    transformer=MinMaxScaler(clip=False,
                                                             copy=True,
                                                             feature_range=(0,
                                                                            1))))],
         verbose=False)
2023-12-20 13:46:42,733:INFO:Creating final display dataframe.
2023-12-20 13:46:42,981:INFO:Setup _display_container:                     Description             Value
0                    Session id                42
1                        Target            target
2                   Target type            Binary
3           Original data shape         (918, 12)
4        Transformed data shape         (918, 19)
5   Transformed train set shape         (734, 19)
6    Transformed test set shape         (184, 19)
7               Ignore features                 1
8              Ordinal features                 2
9              Numeric features                 6
10         Categorical features                 5
11                   Preprocess              True
12              Imputation type            simple
13           Numeric imputation              mean
14       Categorical imputation              mode
15     Maximum one-hot encoding                25
16              Encoding method              None
17                    Normalize              True
18             Normalize method            minmax
19               Fold Generator   StratifiedKFold
20                  Fold Number                10
21                     CPU Jobs                -1
22                      Use GPU             False
23               Log Experiment             False
24              Experiment Name  clf-default-name
25                          USI              583a
2023-12-20 13:46:43,072:WARNING:
'xgboost' is a soft dependency and not included in the pycaret installation. Please run: `pip install xgboost` to install.
Alternately, you can install this by running `pip install pycaret[models]`
2023-12-20 13:46:43,072:WARNING:
'catboost' is a soft dependency and not included in the pycaret installation. Please run: `pip install catboost` to install.
Alternately, you can install this by running `pip install pycaret[models]`
2023-12-20 13:46:43,144:WARNING:
'xgboost' is a soft dependency and not included in the pycaret installation. Please run: `pip install xgboost` to install.
Alternately, you can install this by running `pip install pycaret[models]`
2023-12-20 13:46:43,144:WARNING:
'catboost' is a soft dependency and not included in the pycaret installation. Please run: `pip install catboost` to install.
Alternately, you can install this by running `pip install pycaret[models]`
2023-12-20 13:46:43,145:INFO:setup() successfully completed in 1.05s...............
